mode: set
github.com/oddlid/alcolator/drink/drink.go:22.25,24.16 2 0
github.com/oddlid/alcolator/drink/drink.go:24.16,26.3 1 0
github.com/oddlid/alcolator/drink/drink.go:27.2,27.12 1 0
github.com/oddlid/alcolator/drink/drink.go:31.31,33.16 2 0
github.com/oddlid/alcolator/drink/drink.go:33.16,35.3 1 0
github.com/oddlid/alcolator/drink/drink.go:36.2,36.12 1 0
github.com/oddlid/alcolator/drink/drink.go:39.81,47.2 1 0
github.com/oddlid/alcolator/drink/drink.go:50.37,52.2 1 1
github.com/oddlid/alcolator/drink/drink.go:55.36,57.2 1 1
github.com/oddlid/alcolator/drink/drink.go:60.28,62.2 1 1
github.com/oddlid/alcolator/drink/drink.go:65.30,67.2 1 1
github.com/oddlid/alcolator/drink/drink.go:70.40,72.2 1 1
github.com/oddlid/alcolator/drink/drink.go:75.42,77.2 1 0
github.com/oddlid/alcolator/drink/drink.go:82.32,84.2 1 0
github.com/oddlid/alcolator/drink/drink.go:86.43,88.16 2 0
github.com/oddlid/alcolator/drink/drink.go:88.16,90.3 1 0
github.com/oddlid/alcolator/drink/drink.go:91.2,91.31 1 0
github.com/oddlid/alcolator/drink/drink.go:94.51,96.16 2 0
github.com/oddlid/alcolator/drink/drink.go:96.16,98.3 1 0
github.com/oddlid/alcolator/drink/drink.go:99.2,101.37 2 0
github.com/oddlid/alcolator/drink/drink.go:101.37,103.3 1 0
github.com/oddlid/alcolator/drink/drink.go:104.2,104.12 1 0
github.com/oddlid/alcolator/drink/drink.go:107.49,109.16 2 0
github.com/oddlid/alcolator/drink/drink.go:109.16,111.3 1 0
github.com/oddlid/alcolator/drink/drink.go:112.2,113.20 2 0
github.com/oddlid/alcolator/drink/drink.go:116.50,118.16 2 0
github.com/oddlid/alcolator/drink/drink.go:118.16,120.3 1 0
github.com/oddlid/alcolator/drink/drink.go:121.2,123.40 2 0
github.com/oddlid/alcolator/drink/drink.go:123.40,125.3 1 0
github.com/oddlid/alcolator/drink/drink.go:126.2,126.12 1 0
github.com/oddlid/alcolator/drink/sort.go:10.33,11.37 1 0
github.com/oddlid/alcolator/drink/sort.go:11.37,13.3 1 0
github.com/oddlid/alcolator/drink/sort.go:17.33,18.37 1 0
github.com/oddlid/alcolator/drink/sort.go:18.37,20.3 1 0
github.com/oddlid/alcolator/drink/sort.go:24.32,25.37 1 0
github.com/oddlid/alcolator/drink/sort.go:25.37,27.3 1 0
github.com/oddlid/alcolator/drink/sort.go:31.31,32.37 1 0
github.com/oddlid/alcolator/drink/sort.go:32.37,34.3 1 0
github.com/oddlid/alcolator/drink/sort.go:38.32,39.37 1 0
github.com/oddlid/alcolator/drink/sort.go:39.37,41.3 1 0
github.com/oddlid/alcolator/drink/sort.go:45.34,46.37 1 0
github.com/oddlid/alcolator/drink/sort.go:46.37,48.3 1 0
github.com/oddlid/alcolator/drink/sort.go:52.40,53.37 1 0
github.com/oddlid/alcolator/drink/sort.go:53.37,55.3 1 0
github.com/oddlid/alcolator/drink/sort.go:59.42,60.37 1 0
github.com/oddlid/alcolator/drink/sort.go:60.37,62.3 1 0
